<?xml version="1.0" encoding="UTF-8"?>
<!-- Generated by org.testng.reporters.JUnitReportReporter -->
<testsuite skipped="0" hostname="LAPTOP-31B2K48K" name="com.jenkins.qa.test.TestScript" tests="1" failures="0" timestamp="14 Jul 2019 06:53:45 GMT" time="17.124" errors="0">
  <testcase name="login" time="17.124" classname="com.jenkins.qa.test.TestScript"/>
</testsuite> <!-- com.jenkins.qa.test.TestScript -->
